This is pdfTeX, Version 3.1415926-2.5-1.40.14 (MiKTeX 2.9 64-bit) (preloaded format=pdflatex 2014.2.13)  13 MAR 2014 09:39
entering extended mode
**C:/wamp/www/Report/report.tex
(C:/wamp/www/Report/report.tex
LaTeX2e <2011/06/27>
Babel <v3.8m> and hyphenation patterns for english, afrikaans, ancientgreek, ar
abic, armenian, assamese, basque, bengali, bokmal, bulgarian, catalan, coptic, 
croatian, czech, danish, dutch, esperanto, estonian, farsi, finnish, french, ga
lician, german, german-x-2013-05-26, greek, gujarati, hindi, hungarian, iceland
ic, indonesian, interlingua, irish, italian, kannada, kurmanji, latin, latvian,
 lithuanian, malayalam, marathi, mongolian, mongolianlmc, monogreek, ngerman, n
german-x-2013-05-26, nynorsk, oriya, panjabi, pinyin, polish, portuguese, roman
ian, russian, sanskrit, serbian, slovak, slovenian, spanish, swedish, swissgerm
an, tamil, telugu, turkish, turkmen, ukenglish, ukrainian, uppersorbian, usengl
ishmax, welsh, loaded.
("C:\Program Files\MiKTeX 2.9\tex\latex\base\article.cls"
Document Class: article 2007/10/19 v1.4h Standard LaTeX document class
("C:\Program Files\MiKTeX 2.9\tex\latex\base\size12.clo"
File: size12.clo 2007/10/19 v1.4h Standard LaTeX file (size option)
)
\c@part=\count79
\c@section=\count80
\c@subsection=\count81
\c@subsubsection=\count82
\c@paragraph=\count83
\c@subparagraph=\count84
\c@figure=\count85
\c@table=\count86
\abovecaptionskip=\skip41
\belowcaptionskip=\skip42
\bibindent=\dimen102
)
("C:\Program Files\MiKTeX 2.9\tex\latex\psnfss\times.sty"
Package: times 2005/04/12 PSNFSS-v9.2a (SPQR) 
)
("C:\Program Files\MiKTeX 2.9\tex\latex\amsmath\amsmath.sty"
Package: amsmath 2013/01/14 v2.14 AMS math features
\@mathmargin=\skip43

For additional information on amsmath, use the `?' option.
("C:\Program Files\MiKTeX 2.9\tex\latex\amsmath\amstext.sty"
Package: amstext 2000/06/29 v2.01

("C:\Program Files\MiKTeX 2.9\tex\latex\amsmath\amsgen.sty"
File: amsgen.sty 1999/11/30 v2.0
\@emptytoks=\toks14
\ex@=\dimen103
))
("C:\Program Files\MiKTeX 2.9\tex\latex\amsmath\amsbsy.sty"
Package: amsbsy 1999/11/29 v1.2d
\pmbraise@=\dimen104
)
("C:\Program Files\MiKTeX 2.9\tex\latex\amsmath\amsopn.sty"
Package: amsopn 1999/12/14 v2.01 operator names
)
\inf@bad=\count87
LaTeX Info: Redefining \frac on input line 210.
\uproot@=\count88
\leftroot@=\count89
LaTeX Info: Redefining \overline on input line 306.
\classnum@=\count90
\DOTSCASE@=\count91
LaTeX Info: Redefining \ldots on input line 378.
LaTeX Info: Redefining \dots on input line 381.
LaTeX Info: Redefining \cdots on input line 466.
\Mathstrutbox@=\box26
\strutbox@=\box27
\big@size=\dimen105
LaTeX Font Info:    Redeclaring font encoding OML on input line 566.
LaTeX Font Info:    Redeclaring font encoding OMS on input line 567.
\macc@depth=\count92
\c@MaxMatrixCols=\count93
\dotsspace@=\muskip10
\c@parentequation=\count94
\dspbrk@lvl=\count95
\tag@help=\toks15
\row@=\count96
\column@=\count97
\maxfields@=\count98
\andhelp@=\toks16
\eqnshift@=\dimen106
\alignsep@=\dimen107
\tagshift@=\dimen108
\tagwidth@=\dimen109
\totwidth@=\dimen110
\lineht@=\dimen111
\@envbody=\toks17
\multlinegap=\skip44
\multlinetaggap=\skip45
\mathdisplay@stack=\toks18
LaTeX Info: Redefining \[ on input line 2665.
LaTeX Info: Redefining \] on input line 2666.
)
("C:\Program Files\MiKTeX 2.9\tex\latex\amsfonts\amssymb.sty"
Package: amssymb 2013/01/14 v3.01 AMS font symbols

("C:\Program Files\MiKTeX 2.9\tex\latex\amsfonts\amsfonts.sty"
Package: amsfonts 2013/01/14 v3.01 Basic AMSFonts support
\symAMSa=\mathgroup4
\symAMSb=\mathgroup5
LaTeX Font Info:    Overwriting math alphabet `\mathfrak' in version `bold'
(Font)                  U/euf/m/n --> U/euf/b/n on input line 106.
))
("C:\Program Files\MiKTeX 2.9\tex\latex\graphics\graphicx.sty"
Package: graphicx 1999/02/16 v1.0f Enhanced LaTeX Graphics (DPC,SPQR)

("C:\Program Files\MiKTeX 2.9\tex\latex\graphics\keyval.sty"
Package: keyval 1999/03/16 v1.13 key=value parser (DPC)
\KV@toks@=\toks19
)
("C:\Program Files\MiKTeX 2.9\tex\latex\graphics\graphics.sty"
Package: graphics 2009/02/05 v1.0o Standard LaTeX Graphics (DPC,SPQR)

("C:\Program Files\MiKTeX 2.9\tex\latex\graphics\trig.sty"
Package: trig 1999/03/16 v1.09 sin cos tan (DPC)
)
("C:\Program Files\MiKTeX 2.9\tex\latex\00miktex\graphics.cfg"
File: graphics.cfg 2007/01/18 v1.5 graphics configuration of teTeX/TeXLive
)
Package graphics Info: Driver file: pdftex.def on input line 91.

("C:\Program Files\MiKTeX 2.9\tex\latex\pdftex-def\pdftex.def"
File: pdftex.def 2011/05/27 v0.06d Graphics/color for pdfTeX

("C:\Program Files\MiKTeX 2.9\tex\generic\oberdiek\infwarerr.sty"
Package: infwarerr 2010/04/08 v1.3 Providing info/warning/error messages (HO)
)
("C:\Program Files\MiKTeX 2.9\tex\generic\oberdiek\ltxcmds.sty"
Package: ltxcmds 2011/11/09 v1.22 LaTeX kernel commands for general use (HO)
)
\Gread@gobject=\count99
))
\Gin@req@height=\dimen112
\Gin@req@width=\dimen113
)
("C:\Program Files\MiKTeX 2.9\tex\latex\wrapfig\wrapfig.sty"
\wrapoverhang=\dimen114
\WF@size=\dimen115
\c@WF@wrappedlines=\count100
\WF@box=\box28
\WF@everypar=\toks20
Package: wrapfig 2003/01/31  v 3.6
)
("C:\Program Files\MiKTeX 2.9\tex\latex\tools\theorem.sty"
Package: theorem 1995/11/23 v2.2c Theorem extension package (FMi)
\theorem@style=\toks21
\theorem@bodyfont=\toks22
\theorempreskipamount=\skip46
\theorempostskipamount=\skip47

("C:\Program Files\MiKTeX 2.9\tex\latex\tools\thp.sty"
File: thp.sty 1995/11/23 v2.2c Theorem extension package (FMi)
))
("C:\Program Files\MiKTeX 2.9\tex\latex\base\inputenc.sty"
Package: inputenc 2008/03/30 v1.1d Input encoding file
\inpenc@prehook=\toks23
\inpenc@posthook=\toks24

("C:\Program Files\MiKTeX 2.9\tex\latex\base\latin1.def"
File: latin1.def 2008/03/30 v1.1d Input encoding file
))
("C:\Program Files\MiKTeX 2.9\tex\latex\base\latexsym.sty"
Package: latexsym 1998/08/17 v2.2e Standard LaTeX package (lasy symbols)
\symlasy=\mathgroup6
LaTeX Font Info:    Overwriting symbol font `lasy' in version `bold'
(Font)                  U/lasy/m/n --> U/lasy/b/n on input line 47.
)
("C:\Program Files\MiKTeX 2.9\tex\latex\url\url.sty"
\Urlmuskip=\muskip11
Package: url 2013/09/16  ver 3.4  Verb mode for urls, etc.
)
("C:\Program Files\MiKTeX 2.9\tex\generic\babel\babel.sty"
Package: babel 2008/07/08 v3.8m The Babel package

*************************************
* Local config file bblopts.cfg used
*
("C:\Program Files\MiKTeX 2.9\tex\latex\00miktex\bblopts.cfg"
File: bblopts.cfg 2006/07/31 v1.0 MiKTeX 'babel' configuration
)
("C:\Program Files\MiKTeX 2.9\tex\generic\babel\english.ldf"
Language: english 2005/03/30 v3.3o English support from the babel system

("C:\Program Files\MiKTeX 2.9\tex\generic\babel\babel.def"
File: babel.def 2008/07/08 v3.8m Babel common definitions
\babel@savecnt=\count101
\U@D=\dimen116
)
\l@canadian = a dialect from \language\l@american 
\l@australian = a dialect from \language\l@british 
\l@newzealand = a dialect from \language\l@british 
))
("C:\Program Files\MiKTeX 2.9\tex\latex\caption\subcaption.sty"
Package: subcaption 2013/02/03 v1.1-62 Sub-captions (AR)

("C:\Program Files\MiKTeX 2.9\tex\latex\caption\caption.sty"
Package: caption 2013/05/02 v3.3-89 Customizing captions (AR)

("C:\Program Files\MiKTeX 2.9\tex\latex\caption\caption3.sty"
Package: caption3 2013/05/02 v1.6-88 caption3 kernel (AR)
Package caption3 Info: TeX engine: e-TeX on input line 57.
\captionmargin=\dimen117
\captionmargin@=\dimen118
\captionwidth=\dimen119
\caption@tempdima=\dimen120
\caption@indent=\dimen121
\caption@parindent=\dimen122
\caption@hangindent=\dimen123
)
\c@ContinuedFloat=\count102
Package caption Info: wrapfig package is loaded.
)
\c@subfigure=\count103
\c@subtable=\count104
)
\bibdata{bibsam}
No file report.bbl.
(C:\wamp\www\Report\report.aux)
LaTeX Font Info:    Checking defaults for OML/cmm/m/it on input line 45.
LaTeX Font Info:    ... okay on input line 45.
LaTeX Font Info:    Checking defaults for T1/cmr/m/n on input line 45.
LaTeX Font Info:    ... okay on input line 45.
LaTeX Font Info:    Checking defaults for OT1/cmr/m/n on input line 45.
LaTeX Font Info:    ... okay on input line 45.
LaTeX Font Info:    Checking defaults for OMS/cmsy/m/n on input line 45.
LaTeX Font Info:    ... okay on input line 45.
LaTeX Font Info:    Checking defaults for OMX/cmex/m/n on input line 45.
LaTeX Font Info:    ... okay on input line 45.
LaTeX Font Info:    Checking defaults for U/cmr/m/n on input line 45.
LaTeX Font Info:    ... okay on input line 45.
LaTeX Font Info:    Try loading font information for OT1+ptm on input line 45.

("C:\Program Files\MiKTeX 2.9\tex\latex\psnfss\ot1ptm.fd"
File: ot1ptm.fd 2001/06/04 font definitions for OT1/ptm.
)
("C:\Program Files\MiKTeX 2.9\tex\context\base\supp-pdf.mkii"
[Loading MPS to PDF converter (version 2006.09.02).]
\scratchcounter=\count105
\scratchdimen=\dimen124
\scratchbox=\box29
\nofMPsegments=\count106
\nofMParguments=\count107
\everyMPshowfont=\toks25
\MPscratchCnt=\count108
\MPscratchDim=\dimen125
\MPnumerator=\count109
\makeMPintoPDFobject=\count110
\everyMPtoPDFconversion=\toks26
)
Package caption Info: Begin \AtBeginDocument code.
Package caption Info: End \AtBeginDocument code.
 <bilder/LiTH_sigill_col.png, id=1, 123.70215pt x 123.5817pt>
File: bilder/LiTH_sigill_col.png Graphic file (type png)

<use bilder/LiTH_sigill_col.png>
Package pdftex.def Info: bilder/LiTH_sigill_col.png used on input line 53.
(pdftex.def)             Requested size: 170.71652pt x 170.56929pt.
LaTeX Font Info:    Try loading font information for U+msa on input line 57.

("C:\Program Files\MiKTeX 2.9\tex\latex\amsfonts\umsa.fd"
File: umsa.fd 2013/01/14 v3.01 AMS symbols A
)
LaTeX Font Info:    Try loading font information for U+msb on input line 57.

("C:\Program Files\MiKTeX 2.9\tex\latex\amsfonts\umsb.fd"
File: umsb.fd 2013/01/14 v3.01 AMS symbols B
)
LaTeX Font Info:    Try loading font information for U+lasy on input line 57.

("C:\Program Files\MiKTeX 2.9\tex\latex\base\ulasy.fd"
File: ulasy.fd 1998/08/17 v2.2e LaTeX symbol font definitions
) [1

{C:/ProgramData/MiKTeX/2.9/pdftex/config/pdftex.map} <C:/wamp/www/Report/bilder
/LiTH_sigill_col.png>]
LaTeX Font Info:    Font shape `OT1/ptm/bx/n' in size <10.95> not available
(Font)              Font shape `OT1/ptm/b/n' tried instead on input line 61.
 [2]
LaTeX Font Info:    Font shape `OT1/ptm/bx/n' in size <17.28> not available
(Font)              Font shape `OT1/ptm/b/n' tried instead on input line 81.
LaTeX Font Info:    Font shape `OT1/ptm/bx/n' in size <14.4> not available
(Font)              Font shape `OT1/ptm/b/n' tried instead on input line 82.
 <bilder/ideasketch.png, id=13, 616.55344pt x 222.8325pt>
File: bilder/ideasketch.png Graphic file (type png)

<use bilder/ideasketch.png>
Package pdftex.def Info: bilder/ideasketch.png used on input line 90.
(pdftex.def)             Requested size: 275.53668pt x 99.58464pt.

<bilder/Matlab_Pendulum1.png, id=14, 422.32782pt x 332.74312pt>
File: bilder/Matlab_Pendulum1.png Graphic file (type png)

<use bilder/Matlab_Pendulum1.png>
Package pdftex.def Info: bilder/Matlab_Pendulum1.png used on input line 95.
(pdftex.def)             Requested size: 144.44662pt x 113.81102pt.
 [1 <C:/wamp/www/Report/bilder/ideasketch.png> <C:/wamp/www/Report/bilder/Matla
b_Pendulum1.png>]
Underfull \hbox (badness 10000) in paragraph at lines 110--113

 []

<bilder/pendulum_2.png, id=20, 105.5142pt x 215.8464pt>
File: bilder/pendulum_2.png Graphic file (type png)

<use bilder/pendulum_2.png>
Package pdftex.def Info: bilder/pendulum_2.png used on input line 118.
(pdftex.def)             Requested size: 83.4535pt x 170.71652pt.

<bilder/projectile_dynamics.png, id=21, 162.6075pt x 215.8464pt>
File: bilder/projectile_dynamics.png Graphic file (type png)

<use bilder/projectile_dynamics.png>
Package pdftex.def Info: bilder/projectile_dynamics.png used on input line 125.

(pdftex.def)             Requested size: 128.60986pt x 170.71652pt.

Overfull \hbox (23.99998pt too wide) in paragraph at lines 116--131
 [][] 
 []


Underfull \hbox (badness 10000) in paragraph at lines 134--139

 []


Underfull \hbox (badness 10000) in paragraph at lines 134--139

 []


Underfull \hbox (badness 10000) in paragraph at lines 143--146

 []

[2 <C:/wamp/www/Report/bilder/pendulum_2.png> <C:/wamp/www/Report/bilder/projec
tile_dynamics.png>]
LaTeX Font Info:    Font shape `OT1/ptm/bx/n' in size <12> not available
(Font)              Font shape `OT1/ptm/b/n' tried instead on input line 148.

Underfull \hbox (badness 10000) in paragraph at lines 149--152

 []

<bilder/pythagora.png, id=32, 190.7125pt x 135.50626pt>
File: bilder/pythagora.png Graphic file (type png)

<use bilder/pythagora.png>
Package pdftex.def Info: bilder/pythagora.png used on input line 162.
(pdftex.def)             Requested size: 124.14206pt x 88.2037pt.

<bilder/Collision_management.png, id=33, 721.2546pt x 305.2203pt>
File: bilder/Collision_management.png Graphic file (type png)

<use bilder/Collision_management.png>
Package pdftex.def Info: bilder/Collision_management.png used on input line 168
.
(pdftex.def)             Requested size: 215.14543pt x 91.04872pt.


LaTeX Warning: `!h' float specifier changed to `!ht'.


Underfull \hbox (badness 10000) in paragraph at lines 177--180

 []


Underfull \hbox (badness 10000) in paragraph at lines 177--180

 []


Underfull \hbox (badness 10000) in paragraph at lines 177--180

 []


Underfull \hbox (badness 10000) in paragraph at lines 177--180

 []

[3] <bilder/collisionplane.png, id=37, 157.58875pt x 115.43124pt>
File: bilder/collisionplane.png Graphic file (type png)

<use bilder/collisionplane.png>
Package pdftex.def Info: bilder/collisionplane.png used on input line 186.
(pdftex.def)             Requested size: 116.53207pt x 85.35826pt.

<bilder/newvelocitiesvectors_new.png, id=38, 366.36874pt x 343.2825pt>
File: bilder/newvelocitiesvectors_new.png Graphic file (type png)

<use bilder/newvelocitiesvectors_new.png>
Package pdftex.def Info: bilder/newvelocitiesvectors_new.png used on input line
 192.
(pdftex.def)             Requested size: 91.09442pt x 85.35826pt.

Overfull \hbox (23.99998pt too wide) in paragraph at lines 184--197
[][] 
 []


Underfull \hbox (badness 10000) in paragraph at lines 201--203

 []


Underfull \hbox (badness 10000) in paragraph at lines 201--203

 []


Underfull \hbox (badness 10000) in paragraph at lines 206--211

 []


Underfull \hbox (badness 10000) in paragraph at lines 206--211

 []

[4 <C:/wamp/www/Report/bilder/pythagora.png> <C:/wamp/www/Report/bilder/Collisi
on_management.png> <C:/wamp/www/Report/bilder/collisionplane.png> <C:/wamp/www/
Report/bilder/newvelocitiesvectors_new.png>]
Underfull \hbox (badness 10000) in paragraph at lines 212--214

 []

File: bilder/Matlab_Pendulum1.png Graphic file (type png)
<use bilder/Matlab_Pendulum1.png>
Package pdftex.def Info: bilder/Matlab_Pendulum1.png used on input line 225.
(pdftex.def)             Requested size: 170.71652pt x 134.50635pt.

<bilder/Matlab_Pendulum2.png, id=47, 422.32782pt x 311.66437pt>
File: bilder/Matlab_Pendulum2.png Graphic file (type png)

<use bilder/Matlab_Pendulum2.png>
Package pdftex.def Info: bilder/Matlab_Pendulum2.png used on input line 232.
(pdftex.def)             Requested size: 170.71652pt x 125.9856pt.

Overfull \hbox (23.99998pt too wide) in paragraph at lines 223--238
 [][] 
 []

[5 <C:/wamp/www/Report/bilder/Matlab_Pendulum2.png>]
<bilder/OpenGL_pendulum0.png, id=53, 782.925pt x 605.26125pt>
File: bilder/OpenGL_pendulum0.png Graphic file (type png)

<use bilder/OpenGL_pendulum0.png>
Package pdftex.def Info: bilder/OpenGL_pendulum0.png used on input line 251.
(pdftex.def)             Requested size: 170.71652pt x 131.97572pt.

<bilder/OpenGL_bounce0.png, id=54, 389.20406pt x 179.92218pt>
File: bilder/OpenGL_bounce0.png Graphic file (type png)

<use bilder/OpenGL_bounce0.png>
Package pdftex.def Info: bilder/OpenGL_bounce0.png used on input line 258.
(pdftex.def)             Requested size: 170.71652pt x 78.92166pt.

Overfull \hbox (23.99998pt too wide) in paragraph at lines 249--263
 [][] 
 []

<bilder/OpenGL_pendulum1.png, id=55, 570.63188pt x 430.60875pt>
File: bilder/OpenGL_pendulum1.png Graphic file (type png)

<use bilder/OpenGL_pendulum1.png>
Package pdftex.def Info: bilder/OpenGL_pendulum1.png used on input line 272.
(pdftex.def)             Requested size: 170.71652pt x 128.82224pt.

<bilder/OpenGL_bounce1.png, id=56, 537.50812pt x 402.75468pt>
File: bilder/OpenGL_bounce1.png Graphic file (type png)

<use bilder/OpenGL_bounce1.png>
Package pdftex.def Info: bilder/OpenGL_bounce1.png used on input line 278.
(pdftex.def)             Requested size: 170.71652pt x 127.91928pt.

Overfull \hbox (23.99998pt too wide) in paragraph at lines 270--283
 [][] 
 []

[6 <C:/wamp/www/Report/bilder/OpenGL_pendulum0.png> <C:/wamp/www/Report/bilder/
OpenGL_bounce0.png> <C:/wamp/www/Report/bilder/OpenGL_pendulum1.png> <C:/wamp/w
ww/Report/bilder/OpenGL_bounce1.png>]
Underfull \hbox (badness 10000) in paragraph at lines 302--316

 []


Underfull \hbox (badness 10000) in paragraph at lines 302--316

 []


Underfull \hbox (badness 10000) in paragraph at lines 302--316

 []


Underfull \hbox (badness 10000) in paragraph at lines 302--316

 []


Underfull \hbox (badness 10000) in paragraph at lines 302--316

 []


Underfull \hbox (badness 10000) in paragraph at lines 302--316

 []

[7] [1] (C:\wamp\www\Report\report.aux) ) 
Here is how much of TeX's memory you used:
 3778 strings out of 493921
 54407 string characters out of 3147279
 116785 words of memory out of 3000000
 6995 multiletter control sequences out of 15000+200000
 26555 words of font info for 68 fonts, out of 3000000 for 9000
 841 hyphenation exceptions out of 8191
 42i,13n,40p,853b,450s stack positions out of 5000i,500n,10000p,200000b,50000s
{C:/Program Files/MiKTeX 2.9/fonts/enc
/dvips/fontname/8r.enc}<C:/Program Files/MiKTeX 2.9/fonts/type1/public/amsfonts
/cm/cmmi12.pfb><C:/Program Files/MiKTeX 2.9/fonts/type1/public/amsfonts/cm/cmmi
8.pfb><C:/Program Files/MiKTeX 2.9/fonts/type1/public/amsfonts/cm/cmr12.pfb><C:
/Program Files/MiKTeX 2.9/fonts/type1/public/amsfonts/cm/cmr8.pfb><C:/Program F
iles/MiKTeX 2.9/fonts/type1/public/amsfonts/cm/cmsy10.pfb><C:/Program Files/MiK
TeX 2.9/fonts/type1/public/amsfonts/cm/cmsy8.pfb><C:/Program Files/MiKTeX 2.9/f
onts/type1/urw/times/utmb8a.pfb><C:/Program Files/MiKTeX 2.9/fonts/type1/urw/ti
mes/utmr8a.pfb><C:/Program Files/MiKTeX 2.9/fonts/type1/urw/times/utmri8a.pfb>
Output written on report.pdf (10 pages, 401518 bytes).
PDF statistics:
 98 PDF objects out of 1000 (max. 8388607)
 0 named destinations out of 1000 (max. 500000)
 71 words of extra memory for PDF output out of 10000 (max. 10000000)

